# JRE version: Java(TM) SE Runtime Environment (7.0_45-b18) (build 1.7.0_45-b18)
# Java VM: Java HotSpot(TM) Server VM (24.45-b08 mixed mode linux-x86 )
Heap
 PSYoungGen      total 71424K, used 39391K [0xa7a40000, 0xac540000, 0xb2500000)
  eden space 66048K, 54% used [0xa7a40000,0xa9d69500,0xabac0000)
  from space 5376K, 62% used [0xac000000,0xac34e708,0xac540000)
  to   space 5376K, 0% used [0xabac0000,0xabac0000,0xac000000)
 ParOldGen       total 87552K, used 4K [0x92500000, 0x97a80000, 0xa7a40000)
  object space 87552K, 0% used [0x92500000,0x92501000,0x97a80000)
 PSPermGen       total 16384K, used 12159K [0x82b00000, 0x83b00000, 0x92500000)
  object space 16384K, 74% used [0x82b00000,0x836dfe00,0x83b00000)
GC Heap History (4 events):
Event: 0,690 GC heap before
{Heap before GC invocations=1 (full 0):
 PSYoungGen      total 38400K, used 33024K [0xa7a40000, 0xaa500000, 0xb2500000)
  eden space 33024K, 100% used [0xa7a40000,0xa9a80000,0xa9a80000)
  from space 5376K, 0% used [0xa9fc0000,0xa9fc0000,0xaa500000)
  to   space 5376K, 0% used [0xa9a80000,0xa9a80000,0xa9fc0000)
 ParOldGen       total 87552K, used 0K [0x92500000, 0x97a80000, 0xa7a40000)
  object space 87552K, 0% used [0x92500000,0x92500000,0x97a80000)
 PSPermGen       total 16384K, used 2832K [0x82b00000, 0x83b00000, 0x92500000)
  object space 16384K, 17% used [0x82b00000,0x82dc43e8,0x83b00000)
Event: 0,703 GC heap after
Heap after GC invocations=1 (full 0):
 PSYoungGen      total 38400K, used 3974K [0xa7a40000, 0xac540000, 0xb2500000)
  eden space 33024K, 0% used [0xa7a40000,0xa7a40000,0xa9a80000)
  from space 5376K, 73% used [0xa9a80000,0xa9e61ba8,0xa9fc0000)
  to   space 5376K, 0% used [0xac000000,0xac000000,0xac540000)
 ParOldGen       total 87552K, used 0K [0x92500000, 0x97a80000, 0xa7a40000)
  object space 87552K, 0% used [0x92500000,0x92500000,0x97a80000)
 PSPermGen       total 16384K, used 2832K [0x82b00000, 0x83b00000, 0x92500000)
  object space 16384K, 17% used [0x82b00000,0x82dc43e8,0x83b00000)
}
Event: 1,784 GC heap before
{Heap before GC invocations=2 (full 0):
 PSYoungGen      total 38400K, used 36998K [0xa7a40000, 0xac540000, 0xb2500000)
  eden space 33024K, 100% used [0xa7a40000,0xa9a80000,0xa9a80000)
  from space 5376K, 73% used [0xa9a80000,0xa9e61ba8,0xa9fc0000)
  to   space 5376K, 0% used [0xac000000,0xac000000,0xac540000)
 ParOldGen       total 87552K, used 0K [0x92500000, 0x97a80000, 0xa7a40000)
  object space 87552K, 0% used [0x92500000,0x92500000,0x97a80000)
 PSPermGen       total 16384K, used 7784K [0x82b00000, 0x83b00000, 0x92500000)
  object space 16384K, 47% used [0x82b00000,0x8329a398,0x83b00000)
Event: 1,794 GC heap after
Heap after GC invocations=2 (full 0):
 PSYoungGen      total 71424K, used 3385K [0xa7a40000, 0xac540000, 0xb2500000)
  eden space 66048K, 0% used [0xa7a40000,0xa7a40000,0xabac0000)
  from space 5376K, 62% used [0xac000000,0xac34e708,0xac540000)
  to   space 5376K, 0% used [0xabac0000,0xabac0000,0xac000000)
 ParOldGen       total 87552K, used 4K [0x92500000, 0x97a80000, 0xa7a40000)
  object space 87552K, 0% used [0x92500000,0x92501000,0x97a80000)
 PSPermGen       total 16384K, used 7784K [0x82b00000, 0x83b00000, 0x92500000)
  object space 16384K, 47% used [0x82b00000,0x8329a398,0x83b00000)
}

